#
# There is insufficient memory for the Java Runtime Environment to continue.
# Native memory allocation (malloc) failed to allocate 1963056 bytes for Chunk::new
# Possible reasons:
#   The system is out of physical RAM or swap space
#   The process is running with CompressedOops enabled, and the Java Heap may be blocking the growth of the native heap
# Possible solutions:
#   Reduce memory load on the system
#   Increase physical memory or swap space
#   Check if swap backing store is full
#   Decrease Java heap size (-Xmx/-Xms)
#   Decrease number of Java threads
#   Decrease Java thread stack sizes (-Xss)
#   Set larger code cache with -XX:ReservedCodeCacheSize=
#   JVM is running with Zero Based Compressed Oops mode in which the Java heap is
#     placed in the first 32GB address space. The Java Heap base address is the
#     maximum limit for the native heap growth. Please use -XX:HeapBaseMinAddress
#     to set the Java Heap base and to place the Java Heap above 32GB virtual address.
# This output file may be truncated or incomplete.
#
#  Out of Memory Error (arena.cpp:189), pid=329104, tid=294116
#
# JRE version: Java(TM) SE Runtime Environment (17.0.6+9) (build 17.0.6+9-LTS-190)
# Java VM: Java HotSpot(TM) 64-Bit Server VM (17.0.6+9-LTS-190, mixed mode, sharing, tiered, compressed oops, compressed class ptrs, g1 gc, windows-amd64)
# No core dump will be written. Minidumps are not enabled by default on client versions of Windows
#

---------------  S U M M A R Y ------------

Command Line: -XX:+ShowCodeDetailsInExceptionMessages com.ravsdev.ropa.RopaApplication

Host: Intel(R) Core(TM) i5-4570 CPU @ 3.20GHz, 4 cores, 8G,  Windows 10 , 64 bit Build 19041 (10.0.19041.3155)
Time: Mon Nov 20 18:45:02 2023 Hora estándar romance elapsed time: 2.386773 seconds (0d 0h 0m 2s)

---------------  T H R E A D  ---------------

Current thread (0x0000025ddfefdd20):  JavaThread "C2 CompilerThread1" daemon [_thread_in_native, id=294116, stack(0x00000076fea00000,0x00000076feb00000)]


Current CompileTask:
C2:   2390 2614       4       java.lang.invoke.MethodType::makeImpl (109 bytes)

Stack: [0x00000076fea00000,0x00000076feb00000]
Native frames: (J=compiled Java code, j=interpreted, Vv=VM code, C=native code)
V  [jvm.dll+0x6734ea]
V  [jvm.dll+0x7d18f4]
V  [jvm.dll+0x7d309e]
V  [jvm.dll+0x7d3703]
V  [jvm.dll+0x2433c5]
V  [jvm.dll+0xaa46b]
V  [jvm.dll+0xaaa0c]
V  [jvm.dll+0x35eadf]
V  [jvm.dll+0x329401]
V  [jvm.dll+0x32889a]
V  [jvm.dll+0x215ddf]
V  [jvm.dll+0x215211]
V  [jvm.dll+0x1a1730]
V  [jvm.dll+0x224b6e]
V  [jvm.dll+0x222f15]
V  [jvm.dll+0x78753c]
V  [jvm.dll+0x781a7a]
V  [jvm.dll+0x672375]
C  [ucrtbase.dll+0x21bb2]
C  [KERNEL32.DLL+0x17614]
C  [ntdll.dll+0x526b1]


---------------  P R O C E S S  ---------------

Threads class SMR info:
_java_thread_list=0x0000025de04df030, length=13, elements={
0x0000025dc0d34460, 0x0000025ddef2a0a0, 0x0000025ddef2b6b0, 0x0000025ddef3e1c0,
0x0000025ddef41d00, 0x0000025ddef426b0, 0x0000025ddef43060, 0x0000025ddef45e00,
0x0000025ddefa5520, 0x0000025ddefaeb20, 0x0000025ddf9bd110, 0x0000025ddf9c5190,
0x0000025ddfefdd20
}

Java Threads: ( => current thread )
  0x0000025dc0d34460 JavaThread "main" [_thread_in_native, id=309824, stack(0x00000076fd700000,0x00000076fd800000)]
  0x0000025ddef2a0a0 JavaThread "Reference Handler" daemon [_thread_blocked, id=84164, stack(0x00000076fde00000,0x00000076fdf00000)]
  0x0000025ddef2b6b0 JavaThread "Finalizer" daemon [_thread_blocked, id=324028, stack(0x00000076fdf00000,0x00000076fe000000)]
  0x0000025ddef3e1c0 JavaThread "Signal Dispatcher" daemon [_thread_blocked, id=324256, stack(0x00000076fe000000,0x00000076fe100000)]
  0x0000025ddef41d00 JavaThread "Attach Listener" daemon [_thread_blocked, id=261744, stack(0x00000076fe100000,0x00000076fe200000)]
  0x0000025ddef426b0 JavaThread "Service Thread" daemon [_thread_blocked, id=325692, stack(0x00000076fe200000,0x00000076fe300000)]
  0x0000025ddef43060 JavaThread "Monitor Deflation Thread" daemon [_thread_blocked, id=191816, stack(0x00000076fe300000,0x00000076fe400000)]
  0x0000025ddef45e00 JavaThread "C2 CompilerThread0" daemon [_thread_in_native, id=319996, stack(0x00000076fe400000,0x00000076fe500000)]
  0x0000025ddefa5520 JavaThread "C1 CompilerThread0" daemon [_thread_blocked, id=336852, stack(0x00000076fe500000,0x00000076fe600000)]
  0x0000025ddefaeb20 JavaThread "Sweeper thread" daemon [_thread_blocked, id=329124, stack(0x00000076fe600000,0x00000076fe700000)]
  0x0000025ddf9bd110 JavaThread "Notification Thread" daemon [_thread_blocked, id=330252, stack(0x00000076fe700000,0x00000076fe800000)]
  0x0000025ddf9c5190 JavaThread "Common-Cleaner" daemon [_thread_blocked, id=325856, stack(0x00000076fe900000,0x00000076fea00000)]
=>0x0000025ddfefdd20 JavaThread "C2 CompilerThread1" daemon [_thread_in_native, id=294116, stack(0x00000076fea00000,0x00000076feb00000)]

Other Threads:
  0x0000025ddef21520 VMThread "VM Thread" [stack: 0x00000076fdd00000,0x00000076fde00000] [id=324916]
  0x0000025dc0d98bc0 WatcherThread [stack: 0x00000076fe800000,0x00000076fe900000] [id=314192]
  0x0000025dc0d86bd0 GCTaskThread "GC Thread#0" [stack: 0x00000076fd800000,0x00000076fd900000] [id=314292]
  0x0000025de024ef10 GCTaskThread "GC Thread#1" [stack: 0x00000076feb00000,0x00000076fec00000] [id=318312]
  0x0000025de024f1c0 GCTaskThread "GC Thread#2" [stack: 0x00000076fec00000,0x00000076fed00000] [id=326248]
  0x0000025de024b040 GCTaskThread "GC Thread#3" [stack: 0x00000076fed00000,0x00000076fee00000] [id=313936]
  0x0000025dc0d919b0 ConcurrentGCThread "G1 Main Marker" [stack: 0x00000076fd900000,0x00000076fda00000] [id=308380]
  0x0000025dc0d923c0 ConcurrentGCThread "G1 Conc#0" [stack: 0x00000076fda00000,0x00000076fdb00000] [id=282996]
  0x0000025ddee00090 ConcurrentGCThread "G1 Refine#0" [stack: 0x00000076fdb00000,0x00000076fdc00000] [id=320924]
  0x0000025ddee00ab0 ConcurrentGCThread "G1 Service" [stack: 0x00000076fdc00000,0x00000076fdd00000] [id=302572]

Threads with active compile tasks:
C2 CompilerThread0     2482 2606   !   4       jdk.internal.loader.BuiltinClassLoader::loadClassOrNull (143 bytes)
C2 CompilerThread1     2482 2614       4       java.lang.invoke.MethodType::makeImpl (109 bytes)

VM state: not at safepoint (normal execution)

VM Mutex/Monitor currently owned by a thread: None

Heap address: 0x0000000771600000, size: 2282 MB, Compressed Oops mode: Zero based, Oop shift amount: 3

CDS archive(s) mapped at: [0x0000000800000000-0x0000000800bd0000-0x0000000800bd0000), size 12386304, SharedBaseAddress: 0x0000000800000000, ArchiveRelocationMode: 0.
Compressed class space mapped at: 0x0000000800c00000-0x0000000840c00000, reserved size: 1073741824
Narrow klass base: 0x0000000800000000, Narrow klass shift: 0, Narrow klass range: 0x100000000

GC Precious Log:
 CPUs: 4 total, 4 available
 Memory: 9127M
 Large Page Support: Disabled
 NUMA Support: Disabled
 Compressed Oops: Enabled (Zero based)
 Heap Region Size: 2M
 Heap Min Capacity: 8M
 Heap Initial Capacity: 144M
 Heap Max Capacity: 2282M
 Pre-touch: Disabled
 Parallel Workers: 4
 Concurrent Workers: 1
 Concurrent Refinement Workers: 4
 Periodic GC: Disabled

Heap:
 garbage-first heap   total 147456K, used 64112K [0x0000000771600000, 0x0000000800000000)
  region size 2048K, 30 young (61440K), 2 survivors (4096K)
 Metaspace       used 21161K, committed 21440K, reserved 1073152K
  class space    used 2710K, committed 2816K, reserved 1048576K

Heap Regions: E=young(eden), S=young(survivor), O=old, HS=humongous(starts), HC=humongous(continues), CS=collection set, F=free, OA=open archive, CA=closed archive, TAMS=top-at-mark-start (previous, next)
|   0|0x0000000771600000, 0x0000000771800000, 0x0000000771800000|100%| O|  |TAMS 0x0000000771600000, 0x0000000771600000| Untracked 
|   1|0x0000000771800000, 0x0000000771a00000, 0x0000000771a00000|100%| O|  |TAMS 0x0000000771800000, 0x0000000771800000| Untracked 
|   2|0x0000000771a00000, 0x0000000771c00000, 0x0000000771c00000|100%| O|  |TAMS 0x0000000771a00000, 0x0000000771a00000| Untracked 
|   3|0x0000000771c00000, 0x0000000771c43200, 0x0000000771e00000| 13%| O|  |TAMS 0x0000000771c00000, 0x0000000771c00000| Untracked 
|   4|0x0000000771e00000, 0x0000000771e00000, 0x0000000772000000|  0%| F|  |TAMS 0x0000000771e00000, 0x0000000771e00000| Untracked 
|   5|0x0000000772000000, 0x0000000772000000, 0x0000000772200000|  0%| F|  |TAMS 0x0000000772000000, 0x0000000772000000| Untracked 
|   6|0x0000000772200000, 0x0000000772200000, 0x0000000772400000|  0%| F|  |TAMS 0x0000000772200000, 0x0000000772200000| Untracked 
|   7|0x0000000772400000, 0x0000000772400000, 0x0000000772600000|  0%| F|  |TAMS 0x0000000772400000, 0x0000000772400000| Untracked 
|   8|0x0000000772600000, 0x0000000772600000, 0x0000000772800000|  0%| F|  |TAMS 0x0000000772600000, 0x0000000772600000| Untracked 
|   9|0x0000000772800000, 0x0000000772800000, 0x0000000772a00000|  0%| F|  |TAMS 0x0000000772800000, 0x0000000772800000| Untracked 
|  10|0x0000000772a00000, 0x0000000772a00000, 0x0000000772c00000|  0%| F|  |TAMS 0x0000000772a00000, 0x0000000772a00000| Untracked 
|  11|0x0000000772c00000, 0x0000000772c00000, 0x0000000772e00000|  0%| F|  |TAMS 0x0000000772c00000, 0x0000000772c00000| Untracked 
|  12|0x0000000772e00000, 0x0000000772e00000, 0x0000000773000000|  0%| F|  |TAMS 0x0000000772e00000, 0x0000000772e00000| Untracked 
|  13|0x0000000773000000, 0x0000000773000000, 0x0000000773200000|  0%| F|  |TAMS 0x0000000773000000, 0x0000000773000000| Untracked 
|  14|0x0000000773200000, 0x0000000773200000, 0x0000000773400000|  0%| F|  |TAMS 0x0000000773200000, 0x0000000773200000| Untracked 
|  15|0x0000000773400000, 0x0000000773400000, 0x0000000773600000|  0%| F|  |TAMS 0x0000000773400000, 0x0000000773400000| Untracked 
|  16|0x0000000773600000, 0x0000000773600000, 0x0000000773800000|  0%| F|  |TAMS 0x0000000773600000, 0x0000000773600000| Untracked 
|  17|0x0000000773800000, 0x0000000773800000, 0x0000000773a00000|  0%| F|  |TAMS 0x0000000773800000, 0x0000000773800000| Untracked 
|  18|0x0000000773a00000, 0x0000000773a00000, 0x0000000773c00000|  0%| F|  |TAMS 0x0000000773a00000, 0x0000000773a00000| Untracked 
|  19|0x0000000773c00000, 0x0000000773c00000, 0x0000000773e00000|  0%| F|  |TAMS 0x0000000773c00000, 0x0000000773c00000| Untracked 
|  20|0x0000000773e00000, 0x0000000773e00000, 0x0000000774000000|  0%| F|  |TAMS 0x0000000773e00000, 0x0000000773e00000| Untracked 
|  21|0x0000000774000000, 0x0000000774000000, 0x0000000774200000|  0%| F|  |TAMS 0x0000000774000000, 0x0000000774000000| Untracked 
|  22|0x0000000774200000, 0x0000000774200000, 0x0000000774400000|  0%| F|  |TAMS 0x0000000774200000, 0x0000000774200000| Untracked 
|  23|0x0000000774400000, 0x0000000774400000, 0x0000000774600000|  0%| F|  |TAMS 0x0000000774400000, 0x0000000774400000| Untracked 
|  24|0x0000000774600000, 0x0000000774600000, 0x0000000774800000|  0%| F|  |TAMS 0x0000000774600000, 0x0000000774600000| Untracked 
|  25|0x0000000774800000, 0x0000000774800000, 0x0000000774a00000|  0%| F|  |TAMS 0x0000000774800000, 0x0000000774800000| Untracked 
|  26|0x0000000774a00000, 0x0000000774a00000, 0x0000000774c00000|  0%| F|  |TAMS 0x0000000774a00000, 0x0000000774a00000| Untracked 
|  27|0x0000000774c00000, 0x0000000774c00000, 0x0000000774e00000|  0%| F|  |TAMS 0x0000000774c00000, 0x0000000774c00000| Untracked 
|  28|0x0000000774e00000, 0x0000000774e00000, 0x0000000775000000|  0%| F|  |TAMS 0x0000000774e00000, 0x0000000774e00000| Untracked 
|  29|0x0000000775000000, 0x0000000775000000, 0x0000000775200000|  0%| F|  |TAMS 0x0000000775000000, 0x0000000775000000| Untracked 
|  30|0x0000000775200000, 0x0000000775200000, 0x0000000775400000|  0%| F|  |TAMS 0x0000000775200000, 0x0000000775200000| Untracked 
|  31|0x0000000775400000, 0x0000000775400000, 0x0000000775600000|  0%| F|  |TAMS 0x0000000775400000, 0x0000000775400000| Untracked 
|  32|0x0000000775600000, 0x0000000775600000, 0x0000000775800000|  0%| F|  |TAMS 0x0000000775600000, 0x0000000775600000| Untracked 
|  33|0x0000000775800000, 0x0000000775800000, 0x0000000775a00000|  0%| F|  |TAMS 0x0000000775800000, 0x0000000775800000| Untracked 
|  34|0x0000000775a00000, 0x0000000775a00000, 0x0000000775c00000|  0%| F|  |TAMS 0x0000000775a00000, 0x0000000775a00000| Untracked 
|  35|0x0000000775c00000, 0x0000000775c00000, 0x0000000775e00000|  0%| F|  |TAMS 0x0000000775c00000, 0x0000000775c00000| Untracked 
|  36|0x0000000775e00000, 0x0000000775e00000, 0x0000000776000000|  0%| F|  |TAMS 0x0000000775e00000, 0x0000000775e00000| Untracked 
|  37|0x0000000776000000, 0x0000000776000000, 0x0000000776200000|  0%| F|  |TAMS 0x0000000776000000, 0x0000000776000000| Untracked 
|  38|0x0000000776200000, 0x0000000776200000, 0x0000000776400000|  0%| F|  |TAMS 0x0000000776200000, 0x0000000776200000| Untracked 
|  39|0x0000000776400000, 0x0000000776400000, 0x0000000776600000|  0%| F|  |TAMS 0x0000000776400000, 0x0000000776400000| Untracked 
|  40|0x0000000776600000, 0x0000000776600000, 0x0000000776800000|  0%| F|  |TAMS 0x0000000776600000, 0x0000000776600000| Untracked 
|  41|0x0000000776800000, 0x0000000776800000, 0x0000000776a00000|  0%| F|  |TAMS 0x0000000776800000, 0x0000000776800000| Untracked 
|  42|0x0000000776a00000, 0x0000000776b00800, 0x0000000776c00000| 50%| E|  |TAMS 0x0000000776a00000, 0x0000000776a00000| Complete 
|  43|0x0000000776c00000, 0x0000000776e00000, 0x0000000776e00000|100%| E|CS|TAMS 0x0000000776c00000, 0x0000000776c00000| Complete 
|  44|0x0000000776e00000, 0x0000000777000000, 0x0000000777000000|100%| E|CS|TAMS 0x0000000776e00000, 0x0000000776e00000| Complete 
|  45|0x0000000777000000, 0x0000000777200000, 0x0000000777200000|100%| E|CS|TAMS 0x0000000777000000, 0x0000000777000000| Complete 
|  46|0x0000000777200000, 0x0000000777400000, 0x0000000777400000|100%| E|CS|TAMS 0x0000000777200000, 0x0000000777200000| Complete 
|  47|0x0000000777400000, 0x0000000777600000, 0x0000000777600000|100%| E|CS|TAMS 0x0000000777400000, 0x0000000777400000| Complete 
|  48|0x0000000777600000, 0x0000000777800000, 0x0000000777800000|100%| E|CS|TAMS 0x0000000777600000, 0x0000000777600000| Complete 
|  49|0x0000000777800000, 0x0000000777a00000, 0x0000000777a00000|100%| E|CS|TAMS 0x0000000777800000, 0x0000000777800000| Complete 
|  50|0x0000000777a00000, 0x0000000777c00000, 0x0000000777c00000|100%| E|CS|TAMS 0x0000000777a00000, 0x0000000777a00000| Complete 
|  51|0x0000000777c00000, 0x0000000777e00000, 0x0000000777e00000|100%| E|CS|TAMS 0x0000000777c00000, 0x0000000777c00000| Complete 
|  52|0x0000000777e00000, 0x0000000778000000, 0x0000000778000000|100%| E|CS|TAMS 0x0000000777e00000, 0x0000000777e00000| Complete 
|  53|0x0000000778000000, 0x0000000778200000, 0x0000000778200000|100%| E|CS|TAMS 0x0000000778000000, 0x0000000778000000| Complete 
|  54|0x0000000778200000, 0x0000000778400000, 0x0000000778400000|100%| E|CS|TAMS 0x0000000778200000, 0x0000000778200000| Complete 
|  55|0x0000000778400000, 0x0000000778600000, 0x0000000778600000|100%| E|CS|TAMS 0x0000000778400000, 0x0000000778400000| Complete 
|  56|0x0000000778600000, 0x0000000778800000, 0x0000000778800000|100%| E|CS|TAMS 0x0000000778600000, 0x0000000778600000| Complete 
|  57|0x0000000778800000, 0x0000000778a00000, 0x0000000778a00000|100%| E|CS|TAMS 0x0000000778800000, 0x0000000778800000| Complete 
|  58|0x0000000778a00000, 0x0000000778a58ed0, 0x0000000778c00000| 17%| S|CS|TAMS 0x0000000778a00000, 0x0000000778a00000| Complete 
|  59|0x0000000778c00000, 0x0000000778e00000, 0x0000000778e00000|100%| S|CS|TAMS 0x0000000778c00000, 0x0000000778c00000| Complete 
|  60|0x0000000778e00000, 0x0000000779000000, 0x0000000779000000|100%| E|CS|TAMS 0x0000000778e00000, 0x0000000778e00000| Complete 
|  61|0x0000000779000000, 0x0000000779200000, 0x0000000779200000|100%| E|CS|TAMS 0x0000000779000000, 0x0000000779000000| Complete 
|  62|0x0000000779200000, 0x0000000779400000, 0x0000000779400000|100%| E|CS|TAMS 0x0000000779200000, 0x0000000779200000| Complete 
|  63|0x0000000779400000, 0x0000000779600000, 0x0000000779600000|100%| E|CS|TAMS 0x0000000779400000, 0x0000000779400000| Complete 
|  64|0x0000000779600000, 0x0000000779800000, 0x0000000779800000|100%| E|CS|TAMS 0x0000000779600000, 0x0000000779600000| Complete 
|  65|0x0000000779800000, 0x0000000779a00000, 0x0000000779a00000|100%| E|CS|TAMS 0x0000000779800000, 0x0000000779800000| Complete 
|  66|0x0000000779a00000, 0x0000000779c00000, 0x0000000779c00000|100%| E|CS|TAMS 0x0000000779a00000, 0x0000000779a00000| Complete 
|  67|0x0000000779c00000, 0x0000000779e00000, 0x0000000779e00000|100%| E|CS|TAMS 0x0000000779c00000, 0x0000000779c00000| Complete 
|  68|0x0000000779e00000, 0x000000077a000000, 0x000000077a000000|100%| E|CS|TAMS 0x0000000779e00000, 0x0000000779e00000| Complete 
|  69|0x000000077a000000, 0x000000077a200000, 0x000000077a200000|100%| E|CS|TAMS 0x000000077a000000, 0x000000077a000000| Complete 
|  70|0x000000077a200000, 0x000000077a400000, 0x000000077a400000|100%| E|CS|TAMS 0x000000077a200000, 0x000000077a200000| Complete 
|  71|0x000000077a400000, 0x000000077a600000, 0x000000077a600000|100%| E|CS|TAMS 0x000000077a400000, 0x000000077a400000| Complete 

Card table byte_map: [0x0000025dd7a40000,0x0000025dd7ec0000] _byte_map_base: 0x0000025dd3eb5000

Marking Bits (Prev, Next): (CMBitMap*) 0x0000025dc0d871e0, (CMBitMap*) 0x0000025dc0d87220
 Prev Bits: [0x0000025dd8340000, 0x0000025dda6e8000)
 Next Bits: [0x0000025dda6f0000, 0x0000025ddca98000)

Polling page: 0x0000025dbed20000

Metaspace:

Usage:
  Non-class:     18.03 MB used.
      Class:      2.65 MB used.
       Both:     20.68 MB used.

Virtual space:
  Non-class space:       24.00 MB reserved,      18.19 MB ( 76%) committed,  3 nodes.
      Class space:        1.00 GB reserved,       2.75 MB ( <1%) committed,  1 nodes.
             Both:        1.02 GB reserved,      20.94 MB (  2%) committed. 

Chunk freelists:
   Non-Class:  1.80 MB
       Class:  1.20 MB
        Both:  3.00 MB

MaxMetaspaceSize: unlimited
CompressedClassSpaceSize: 1.00 GB
Initial GC threshold: 21.00 MB
Current GC threshold: 21.00 MB
CDS: on
MetaspaceReclaimPolicy: balanced
 - commit_granule_bytes: 65536.
 - commit_granule_words: 8192.
 - virtual_space_node_default_size: 1048576.
 - enlarge_chunks_in_place: 1.
 - new_chunks_are_fully_committed: 0.
 - uncommit_free_chunks: 1.
 - use_allocation_guard: 0.
 - handle_deallocations: 1.


Internal statistics:

num_allocs_failed_limit: 0.
num_arena_births: 238.
num_arena_deaths: 0.
num_vsnodes_births: 4.
num_vsnodes_deaths: 0.
num_space_committed: 335.
num_space_uncommitted: 0.
num_chunks_returned_to_freelist: 0.
num_chunks_taken_from_freelist: 982.
num_chunk_merges: 0.
num_chunk_splits: 679.
num_chunks_enlarged: 540.
num_purges: 0.
num_inconsistent_stats: 0.

CodeHeap 'non-profiled nmethods': size=120000Kb used=1181Kb max_used=1181Kb free=118818Kb
 bounds [0x0000025dd0090000, 0x0000025dd0300000, 0x0000025dd75c0000]
CodeHeap 'profiled nmethods': size=120000Kb used=5980Kb max_used=5980Kb free=114019Kb
 bounds [0x0000025dc85c0000, 0x0000025dc8ba0000, 0x0000025dcfaf0000]
CodeHeap 'non-nmethods': size=5760Kb used=1205Kb max_used=1231Kb free=4554Kb
 bounds [0x0000025dcfaf0000, 0x0000025dcfd60000, 0x0000025dd0090000]
 total_blobs=3343 nmethods=2844 adapters=410
 compilation: enabled
              stopped_count=0, restarted_count=0
 full_count=0

Compilation events (20 events):
Event: 2.372 Thread 0x0000025ddefa5520 2766       3       org.springframework.boot.autoconfigure.condition.ConditionMessage::andCondition (46 bytes)
Event: 2.373 Thread 0x0000025ddefa5520 nmethod 2766 0x0000025dc8b6b510 code [0x0000025dc8b6b920, 0x0000025dc8b6dbc8]
Event: 2.374 Thread 0x0000025ddefa5520 2767       3       org.springframework.util.LinkedMultiValueMap::<init> (12 bytes)
Event: 2.374 Thread 0x0000025ddefa5520 nmethod 2767 0x0000025dc8b6e790 code [0x0000025dc8b6e960, 0x0000025dc8b6edf8]
Event: 2.374 Thread 0x0000025ddefa5520 2768       3       org.springframework.util.MultiValueMapAdapter::<init> (16 bytes)
Event: 2.375 Thread 0x0000025ddefa5520 nmethod 2768 0x0000025dc8b6ef90 code [0x0000025dc8b6f140, 0x0000025dc8b6f488]
Event: 2.375 Thread 0x0000025ddefa5520 2769       3       org.springframework.boot.autoconfigure.condition.ConditionMessage$Style$2::applyToItem (6 bytes)
Event: 2.376 Thread 0x0000025ddefa5520 nmethod 2769 0x0000025dc8b6f610 code [0x0000025dc8b6f960, 0x0000025dc8b70f68]
Event: 2.376 Thread 0x0000025ddefa5520 2770       3       java.util.Map::getOrDefault (28 bytes)
Event: 2.376 Thread 0x0000025ddefa5520 nmethod 2770 0x0000025dc8b71690 code [0x0000025dc8b71840, 0x0000025dc8b71bb8]
Event: 2.377 Thread 0x0000025ddefa5520 2772       3       org.springframework.core.annotation.TypeMappedAnnotations$MergedAnnotationFinder::doWithAnnotations (75 bytes)
Event: 2.377 Thread 0x0000025ddefa5520 nmethod 2772 0x0000025dc8b71c90 code [0x0000025dc8b71e60, 0x0000025dc8b72278]
Event: 2.377 Thread 0x0000025ddefa5520 2771       3       org.springframework.core.annotation.TypeMappedAnnotations$MergedAnnotationFinder::doWithAnnotations (10 bytes)
Event: 2.378 Thread 0x0000025ddefa5520 nmethod 2771 0x0000025dc8b72490 code [0x0000025dc8b72640, 0x0000025dc8b72788]
Event: 2.378 Thread 0x0000025ddefa5520 2773       1       org.springframework.beans.factory.support.AbstractBeanDefinition::setDependencyCheck (6 bytes)
Event: 2.378 Thread 0x0000025ddefa5520 nmethod 2773 0x0000025dd01b1510 code [0x0000025dd01b16a0, 0x0000025dd01b1778]
Event: 2.378 Thread 0x0000025ddefa5520 2774       1       org.springframework.beans.factory.support.AbstractBeanDefinition::setEnforceInitMethod (6 bytes)
Event: 2.378 Thread 0x0000025ddefa5520 nmethod 2774 0x0000025dd01b1810 code [0x0000025dd01b19a0, 0x0000025dd01b1a78]
Event: 2.378 Thread 0x0000025ddefa5520 2775       1       org.springframework.beans.factory.support.AbstractBeanDefinition::setEnforceDestroyMethod (6 bytes)
Event: 2.378 Thread 0x0000025ddefa5520 nmethod 2775 0x0000025dd01b1b10 code [0x0000025dd01b1ca0, 0x0000025dd01b1d78]

GC Heap History (6 events):
Event: 0.454 GC heap before
{Heap before GC invocations=0 (full 0):
 garbage-first heap   total 147456K, used 10240K [0x0000000771600000, 0x0000000800000000)
  region size 2048K, 6 young (12288K), 0 survivors (0K)
 Metaspace       used 2687K, committed 2816K, reserved 1056768K
  class space    used 265K, committed 320K, reserved 1048576K
}
Event: 0.457 GC heap after
{Heap after GC invocations=1 (full 0):
 garbage-first heap   total 147456K, used 6364K [0x0000000771600000, 0x0000000800000000)
  region size 2048K, 1 young (2048K), 1 survivors (2048K)
 Metaspace       used 2687K, committed 2816K, reserved 1056768K
  class space    used 265K, committed 320K, reserved 1048576K
}
Event: 0.742 GC heap before
{Heap before GC invocations=1 (full 0):
 garbage-first heap   total 147456K, used 14556K [0x0000000771600000, 0x0000000800000000)
  region size 2048K, 5 young (10240K), 1 survivors (2048K)
 Metaspace       used 5418K, committed 5568K, reserved 1056768K
  class space    used 633K, committed 704K, reserved 1048576K
}
Event: 0.744 GC heap after
{Heap after GC invocations=2 (full 0):
 garbage-first heap   total 147456K, used 7128K [0x0000000771600000, 0x0000000800000000)
  region size 2048K, 1 young (2048K), 1 survivors (2048K)
 Metaspace       used 5418K, committed 5568K, reserved 1056768K
  class space    used 633K, committed 704K, reserved 1048576K
}
Event: 1.242 GC heap before
{Heap before GC invocations=2 (full 0):
 garbage-first heap   total 147456K, used 29656K [0x0000000771600000, 0x0000000800000000)
  region size 2048K, 12 young (24576K), 1 survivors (2048K)
 Metaspace       used 10734K, committed 10944K, reserved 1064960K
  class space    used 1428K, committed 1536K, reserved 1048576K
}
Event: 1.245 GC heap after
{Heap after GC invocations=3 (full 0):
 garbage-first heap   total 147456K, used 8816K [0x0000000771600000, 0x0000000800000000)
  region size 2048K, 2 young (4096K), 2 survivors (4096K)
 Metaspace       used 10734K, committed 10944K, reserved 1064960K
  class space    used 1428K, committed 1536K, reserved 1048576K
}

Deoptimization events (20 events):
Event: 2.136 Thread 0x0000025dc0d34460 Uncommon trap: trap_request=0xffffffde fr.pc=0x0000025dd00af02c relative=0x00000000000001ac
Event: 2.136 Thread 0x0000025dc0d34460 Uncommon trap: reason=class_check action=maybe_recompile pc=0x0000025dd00af02c method=java.lang.String.equals(Ljava/lang/Object;)Z @ 8 c2
Event: 2.136 Thread 0x0000025dc0d34460 DEOPT PACKING pc=0x0000025dd00af02c sp=0x00000076fd7fe680
Event: 2.136 Thread 0x0000025dc0d34460 DEOPT UNPACKING pc=0x0000025dcfb423a3 sp=0x00000076fd7fe618 mode 2
Event: 2.136 Thread 0x0000025dc0d34460 Uncommon trap: trap_request=0xffffffde fr.pc=0x0000025dd00af02c relative=0x00000000000001ac
Event: 2.136 Thread 0x0000025dc0d34460 Uncommon trap: reason=class_check action=maybe_recompile pc=0x0000025dd00af02c method=java.lang.String.equals(Ljava/lang/Object;)Z @ 8 c2
Event: 2.136 Thread 0x0000025dc0d34460 DEOPT PACKING pc=0x0000025dd00af02c sp=0x00000076fd7fe680
Event: 2.136 Thread 0x0000025dc0d34460 DEOPT UNPACKING pc=0x0000025dcfb423a3 sp=0x00000076fd7fe618 mode 2
Event: 2.136 Thread 0x0000025dc0d34460 Uncommon trap: trap_request=0xffffffde fr.pc=0x0000025dd00af02c relative=0x00000000000001ac
Event: 2.136 Thread 0x0000025dc0d34460 Uncommon trap: reason=class_check action=maybe_recompile pc=0x0000025dd00af02c method=java.lang.String.equals(Ljava/lang/Object;)Z @ 8 c2
Event: 2.136 Thread 0x0000025dc0d34460 DEOPT PACKING pc=0x0000025dd00af02c sp=0x00000076fd7fe680
Event: 2.136 Thread 0x0000025dc0d34460 DEOPT UNPACKING pc=0x0000025dcfb423a3 sp=0x00000076fd7fe618 mode 2
Event: 2.137 Thread 0x0000025dc0d34460 Uncommon trap: trap_request=0xffffffde fr.pc=0x0000025dd00af02c relative=0x00000000000001ac
Event: 2.137 Thread 0x0000025dc0d34460 Uncommon trap: reason=class_check action=maybe_recompile pc=0x0000025dd00af02c method=java.lang.String.equals(Ljava/lang/Object;)Z @ 8 c2
Event: 2.137 Thread 0x0000025dc0d34460 DEOPT PACKING pc=0x0000025dd00af02c sp=0x00000076fd7fe310
Event: 2.137 Thread 0x0000025dc0d34460 DEOPT UNPACKING pc=0x0000025dcfb423a3 sp=0x00000076fd7fe2a8 mode 2
Event: 2.221 Thread 0x0000025dc0d34460 Uncommon trap: trap_request=0xffffff45 fr.pc=0x0000025dd014bdd4 relative=0x0000000000005db4
Event: 2.221 Thread 0x0000025dc0d34460 Uncommon trap: reason=unstable_if action=reinterpret pc=0x0000025dd014bdd4 method=jdk.internal.org.objectweb.asm.SymbolTable.addType(Ljava/lang/String;)I @ 33 c2
Event: 2.221 Thread 0x0000025dc0d34460 DEOPT PACKING pc=0x0000025dd014bdd4 sp=0x00000076fd7fcff0
Event: 2.221 Thread 0x0000025dc0d34460 DEOPT UNPACKING pc=0x0000025dcfb423a3 sp=0x00000076fd7fcf18 mode 2

Classes unloaded (0 events):
No events

Classes redefined (0 events):
No events

Internal exceptions (20 events):
Event: 0.944 Thread 0x0000025dc0d34460 Exception <a 'java/lang/NoSuchMethodError'{0x0000000779edc428}: 'void java.lang.invoke.DirectMethodHandle$Holder.invokeStaticInit(java.lang.Object, java.lang.Object, java.lang.Object)'> (0x0000000779edc428) 
thrown [s\open\src\hotspot\share\interpreter\linkResolver.cpp, line 759]
Event: 0.953 Thread 0x0000025dc0d34460 Exception <a 'java/lang/NoSuchMethodError'{0x0000000779f186c0}: 'java.lang.Object java.lang.invoke.DirectMethodHandle$Holder.invokeStatic(java.lang.Object, java.lang.Object, long, java.lang.Object)'> (0x0000000779f186c0) 
thrown [s\open\src\hotspot\share\interpreter\linkResolver.cpp, line 759]
Event: 0.954 Thread 0x0000025dc0d34460 Exception <a 'java/lang/NoSuchMethodError'{0x0000000779f1c158}: 'java.lang.Object java.lang.invoke.DirectMethodHandle$Holder.invokeStaticInit(java.lang.Object, java.lang.Object, long, java.lang.Object)'> (0x0000000779f1c158) 
thrown [s\open\src\hotspot\share\interpreter\linkResolver.cpp, line 759]
Event: 0.955 Thread 0x0000025dc0d34460 Exception <a 'java/lang/NoSuchMethodError'{0x0000000779f25688}: 'java.lang.Object java.lang.invoke.DirectMethodHandle$Holder.newInvokeSpecial(java.lang.Object, java.lang.Object, long)'> (0x0000000779f25688) 
thrown [s\open\src\hotspot\share\interpreter\linkResolver.cpp, line 759]
Event: 0.955 Thread 0x0000025dc0d34460 Exception <a 'java/lang/NoSuchMethodError'{0x0000000779f291f8}: 'java.lang.Object java.lang.invoke.Invokers$Holder.linkToTargetMethod(java.lang.Object, long, java.lang.Object)'> (0x0000000779f291f8) 
thrown [s\open\src\hotspot\share\interpreter\linkResolver.cpp, line 759]
Event: 0.972 Thread 0x0000025dc0d34460 Exception <a 'java/lang/NoSuchMethodError'{0x0000000779f74e40}: 'void java.lang.invoke.DirectMethodHandle$Holder.invokeVirtual(java.lang.Object, java.lang.Object, java.lang.Object, java.lang.Object)'> (0x0000000779f74e40) 
thrown [s\open\src\hotspot\share\interpreter\linkResolver.cpp, line 759]
Event: 1.007 Thread 0x0000025dc0d34460 Exception <a 'java/lang/NoSuchMethodError'{0x0000000779accfd0}: 'void java.lang.invoke.DirectMethodHandle$Holder.invokeSpecial(java.lang.Object, java.lang.Object, java.lang.Object)'> (0x0000000779accfd0) 
thrown [s\open\src\hotspot\share\interpreter\linkResolver.cpp, line 759]
Event: 1.008 Thread 0x0000025dc0d34460 Exception <a 'java/lang/NoSuchMethodError'{0x0000000779ad35a8}: 'void java.lang.invoke.DirectMethodHandle$Holder.invokeSpecial(java.lang.Object, java.lang.Object, java.lang.Object, java.lang.Object, java.lang.Object)'> (0x0000000779ad35a8) 
thrown [s\open\src\hotspot\share\interpreter\linkResolver.cpp, line 759]
Event: 1.015 Thread 0x0000025dc0d34460 Exception <a 'java/lang/IncompatibleClassChangeError'{0x0000000779b02818}: Found class java.lang.Object, but interface was expected> (0x0000000779b02818) 
thrown [s\open\src\hotspot\share\interpreter\linkResolver.cpp, line 826]
Event: 1.153 Thread 0x0000025dc0d34460 Exception <a 'java/lang/NoSuchMethodError'{0x0000000779330758}: 'java.lang.Object java.lang.invoke.DirectMethodHandle$Holder.invokeStatic(java.lang.Object, int, java.lang.Object)'> (0x0000000779330758) 
thrown [s\open\src\hotspot\share\interpreter\linkResolver.cpp, line 759]
Event: 1.386 Thread 0x0000025dc0d34460 Exception <a 'sun/nio/fs/WindowsException'{0x0000000779f3ace0}> (0x0000000779f3ace0) 
thrown [s\open\src\hotspot\share\prims\jni.cpp, line 516]
Event: 1.386 Thread 0x0000025dc0d34460 Exception <a 'java/lang/NoSuchMethodError'{0x0000000779f3c4b0}: 'int java.lang.invoke.DirectMethodHandle$Holder.invokeSpecial(java.lang.Object, java.lang.Object, java.lang.Object, java.lang.Object, java.lang.Object)'> (0x0000000779f3c4b0) 
thrown [s\open\src\hotspot\share\interpreter\linkResolver.cpp, line 759]
Event: 1.388 Thread 0x0000025dc0d34460 Exception <a 'java/lang/NoSuchMethodError'{0x0000000779f450b8}: 'void java.lang.invoke.DirectMethodHandle$Holder.invokeVirtual(java.lang.Object, java.lang.Object)'> (0x0000000779f450b8) 
thrown [s\open\src\hotspot\share\interpreter\linkResolver.cpp, line 759]
Event: 1.672 Thread 0x0000025dc0d34460 Exception <a 'java/lang/IncompatibleClassChangeError'{0x00000007787ee9b8}: Found class java.lang.Object, but interface was expected> (0x00000007787ee9b8) 
thrown [s\open\src\hotspot\share\interpreter\linkResolver.cpp, line 826]
Event: 1.761 Thread 0x0000025de0943fd0 Exception <a 'java/lang/NoSuchMethodError'{0x00000007780c84e0}: 'long java.lang.invoke.DirectMethodHandle$Holder.invokeSpecial(java.lang.Object, java.lang.Object)'> (0x00000007780c84e0) 
thrown [s\open\src\hotspot\share\interpreter\linkResolver.cpp, line 759]
Event: 1.765 Thread 0x0000025de0943fd0 Exception <a 'java/lang/NoSuchMethodError'{0x00000007780d3708}: 'long java.lang.invoke.DirectMethodHandle$Holder.invokeStatic(java.lang.Object, java.lang.Object)'> (0x00000007780d3708) 
thrown [s\open\src\hotspot\share\interpreter\linkResolver.cpp, line 759]
Event: 1.765 Thread 0x0000025de0943fd0 Exception <a 'java/lang/NoSuchMethodError'{0x00000007780d6d08}: 'long java.lang.invoke.DirectMethodHandle$Holder.invokeStaticInit(java.lang.Object, java.lang.Object)'> (0x00000007780d6d08) 
thrown [s\open\src\hotspot\share\interpreter\linkResolver.cpp, line 759]
Event: 1.766 Thread 0x0000025de0943fd0 Exception <a 'java/lang/NoSuchMethodError'{0x00000007780e48b0}: 'long java.lang.invoke.DirectMethodHandle$Holder.invokeInterface(java.lang.Object, java.lang.Object)'> (0x00000007780e48b0) 
thrown [s\open\src\hotspot\share\interpreter\linkResolver.cpp, line 759]
Event: 1.766 Thread 0x0000025de0943fd0 Exception <a 'java/lang/IncompatibleClassChangeError'{0x00000007780e7e40}: Found class java.lang.Object, but interface was expected> (0x00000007780e7e40) 
thrown [s\open\src\hotspot\share\interpreter\linkResolver.cpp, line 826]
Event: 1.787 Thread 0x0000025de0943fd0 Exception <a 'java/lang/NoSuchMethodError'{0x0000000777e1f8d0}: 'java.lang.Object java.lang.invoke.DirectMethodHandle$Holder.invokeVirtual(java.lang.Object, java.lang.Object, java.lang.Object, java.lang.Object)'> (0x0000000777e1f8d0) 
thrown [s\open\src\hotspot\share\interpreter\linkResolver.cpp, line 759]

VM Operations (20 events):
Event: 0.870 Executing VM operation: HandshakeAllThreads
Event: 0.870 Executing VM operation: HandshakeAllThreads done
Event: 1.004 Executing VM operation: HandshakeAllThreads
Event: 1.004 Executing VM operation: HandshakeAllThreads done
Event: 1.156 Executing VM operation: ICBufferFull
Event: 1.156 Executing VM operation: ICBufferFull done
Event: 1.242 Executing VM operation: G1CollectForAllocation
Event: 1.247 Executing VM operation: G1CollectForAllocation done
Event: 1.288 Executing VM operation: HandshakeAllThreads
Event: 1.288 Executing VM operation: HandshakeAllThreads done
Event: 1.362 Executing VM operation: HandshakeAllThreads
Event: 1.362 Executing VM operation: HandshakeAllThreads done
Event: 1.511 Executing VM operation: HandshakeAllThreads
Event: 1.511 Executing VM operation: HandshakeAllThreads done
Event: 1.542 Executing VM operation: HandshakeAllThreads
Event: 1.542 Executing VM operation: HandshakeAllThreads done
Event: 1.685 Executing VM operation: ICBufferFull
Event: 1.685 Executing VM operation: ICBufferFull done
Event: 2.029 Executing VM operation: ICBufferFull
Event: 2.029 Executing VM operation: ICBufferFull done

Events (20 events):
Event: 1.511 loading class jdk/internal/module/ModulePatcher$PatchedModuleReader done
Event: 1.540 loading class sun/text/resources/cldr/FormatData_en
Event: 1.540 loading class sun/text/resources/cldr/FormatData_en done
Event: 1.540 loading class sun/text/resources/cldr/FormatData_en_US
Event: 1.540 loading class sun/text/resources/cldr/FormatData_en_US done
Event: 1.558 loading class java/io/CharArrayReader
Event: 1.558 loading class java/io/CharArrayReader done
Event: 1.586 Thread 0x0000025de047eed0 Thread added: 0x0000025de047eed0
Event: 1.606 loading class javax/naming/ldap/LdapContext
Event: 1.606 loading class javax/naming/directory/DirContext
Event: 1.606 loading class javax/naming/directory/DirContext done
Event: 1.606 loading class javax/naming/ldap/LdapContext done
Event: 1.618 Thread 0x0000025de047eed0 Thread exited: 0x0000025de047eed0
Event: 1.743 loading class java/util/regex/Pattern$Pos
Event: 1.743 loading class java/util/regex/Pattern$Pos done
Event: 1.789 Thread 0x0000025de0943fd0 Thread exited: 0x0000025de0943fd0
Event: 1.936 loading class java/beans/PropertyVetoException
Event: 1.936 loading class java/beans/PropertyVetoException done
Event: 1.962 loading class java/nio/charset/CharacterCodingException
Event: 1.962 loading class java/nio/charset/CharacterCodingException done


Dynamic libraries:
0x00007ff798300000 - 0x00007ff798310000 	C:\Program Files\Java\jdk-17\bin\java.exe
0x00007fff47af0000 - 0x00007fff47ce8000 	C:\WINDOWS\SYSTEM32\ntdll.dll
0x00007fff469f0000 - 0x00007fff46aaf000 	C:\WINDOWS\System32\KERNEL32.DLL
0x00007fff45290000 - 0x00007fff45586000 	C:\WINDOWS\System32\KERNELBASE.dll
0x00007fff45a50000 - 0x00007fff45b50000 	C:\WINDOWS\System32\ucrtbase.dll
0x00007fff39a80000 - 0x00007fff39a98000 	C:\Program Files\Java\jdk-17\bin\jli.dll
0x00007fff47220000 - 0x00007fff472cf000 	C:\WINDOWS\System32\ADVAPI32.dll
0x00007fff47740000 - 0x00007fff477de000 	C:\WINDOWS\System32\msvcrt.dll
0x00007fff47960000 - 0x00007fff479fc000 	C:\WINDOWS\System32\sechost.dll
0x00007fff46860000 - 0x00007fff46986000 	C:\WINDOWS\System32\RPCRT4.dll
0x00007fff47590000 - 0x00007fff4772d000 	C:\WINDOWS\System32\USER32.dll
0x00007fff45260000 - 0x00007fff45282000 	C:\WINDOWS\System32\win32u.dll
0x00007fff473d0000 - 0x00007fff473fc000 	C:\WINDOWS\System32\GDI32.dll
0x00007fff45840000 - 0x00007fff45955000 	C:\WINDOWS\System32\gdi32full.dll
0x00007fff456f0000 - 0x00007fff4578d000 	C:\WINDOWS\System32\msvcp_win.dll
0x00007fff39720000 - 0x00007fff3973b000 	C:\Program Files\Java\jdk-17\bin\VCRUNTIME140.dll
0x00007fff3d9b0000 - 0x00007fff3dc4a000 	C:\WINDOWS\WinSxS\amd64_microsoft.windows.common-controls_6595b64144ccf1df_6.0.19041.1110_none_60b5254171f9507e\COMCTL32.dll
0x00007fff40ed0000 - 0x00007fff40eda000 	C:\WINDOWS\SYSTEM32\VERSION.dll
0x00007fff472d0000 - 0x00007fff47300000 	C:\WINDOWS\System32\IMM32.DLL
0x00007fff3a410000 - 0x00007fff3a41c000 	C:\Program Files\Java\jdk-17\bin\vcruntime140_1.dll
0x00007fff2cdf0000 - 0x00007fff2ce7e000 	C:\Program Files\Java\jdk-17\bin\msvcp140.dll
0x00007ffee90b0000 - 0x00007ffee9c87000 	C:\Program Files\Java\jdk-17\bin\server\jvm.dll
0x00007fff477e0000 - 0x00007fff477e8000 	C:\WINDOWS\System32\PSAPI.DLL
0x00007fff3b100000 - 0x00007fff3b109000 	C:\WINDOWS\SYSTEM32\WSOCK32.dll
0x00007fff47520000 - 0x00007fff4758b000 	C:\WINDOWS\System32\WS2_32.dll
0x00007fff407a0000 - 0x00007fff407c7000 	C:\WINDOWS\SYSTEM32\WINMM.dll
0x00007fff42fb0000 - 0x00007fff42fc2000 	C:\WINDOWS\SYSTEM32\kernel.appcore.dll
0x00007fff36f80000 - 0x00007fff36f8a000 	C:\Program Files\Java\jdk-17\bin\jimage.dll
0x00007fff3f880000 - 0x00007fff3fa64000 	C:\WINDOWS\SYSTEM32\DBGHELP.DLL
0x00007fff3f200000 - 0x00007fff3f234000 	C:\WINDOWS\SYSTEM32\dbgcore.DLL
0x00007fff451d0000 - 0x00007fff45252000 	C:\WINDOWS\System32\bcryptPrimitives.dll
0x00007fff35380000 - 0x00007fff353a5000 	C:\Program Files\Java\jdk-17\bin\java.dll
0x00007fff20d90000 - 0x00007fff20e67000 	C:\Program Files\Java\jdk-17\bin\jsvml.dll
0x00007fff46110000 - 0x00007fff46854000 	C:\WINDOWS\System32\SHELL32.dll
0x00007fff43290000 - 0x00007fff43a23000 	C:\WINDOWS\SYSTEM32\windows.storage.dll
0x00007fff46e60000 - 0x00007fff471b4000 	C:\WINDOWS\System32\combase.dll
0x00007fff44b40000 - 0x00007fff44b6e000 	C:\WINDOWS\SYSTEM32\Wldp.dll
0x00007fff47320000 - 0x00007fff473cd000 	C:\WINDOWS\System32\SHCORE.dll
0x00007fff460b0000 - 0x00007fff46105000 	C:\WINDOWS\System32\shlwapi.dll
0x00007fff45100000 - 0x00007fff45125000 	C:\WINDOWS\SYSTEM32\profapi.dll
0x00007fff36230000 - 0x00007fff36249000 	C:\Program Files\Java\jdk-17\bin\net.dll
0x00007fff3e530000 - 0x00007fff3e63a000 	C:\WINDOWS\SYSTEM32\WINHTTP.dll
0x00007fff448a0000 - 0x00007fff4490a000 	C:\WINDOWS\system32\mswsock.dll
0x00007fff35360000 - 0x00007fff35376000 	C:\Program Files\Java\jdk-17\bin\nio.dll
0x00007fff2dbe0000 - 0x00007fff2dbf8000 	C:\Program Files\Java\jdk-17\bin\zip.dll

dbghelp: loaded successfully - version: 4.0.5 - missing functions: none
symbol engine: initialized successfully - sym options: 0x614 - pdb path: .;C:\Program Files\Java\jdk-17\bin;C:\WINDOWS\SYSTEM32;C:\WINDOWS\WinSxS\amd64_microsoft.windows.common-controls_6595b64144ccf1df_6.0.19041.1110_none_60b5254171f9507e;C:\Program Files\Java\jdk-17\bin\server

VM Arguments:
jvm_args: -XX:+ShowCodeDetailsInExceptionMessages 
java_command: com.ravsdev.ropa.RopaApplication
java_class_path (initial): C:\xampp\SPRING\ropa\target\classes;C:\Users\Usuario\.m2\repository\org\springframework\boot\spring-boot-starter-data-jpa\3.1.5\spring-boot-starter-data-jpa-3.1.5.jar;C:\Users\Usuario\.m2\repository\org\springframework\boot\spring-boot-starter-aop\3.1.5\spring-boot-starter-aop-3.1.5.jar;C:\Users\Usuario\.m2\repository\org\springframework\spring-aop\6.0.13\spring-aop-6.0.13.jar;C:\Users\Usuario\.m2\repository\org\aspectj\aspectjweaver\1.9.20\aspectjweaver-1.9.20.jar;C:\Users\Usuario\.m2\repository\org\springframework\boot\spring-boot-starter-jdbc\3.1.5\spring-boot-starter-jdbc-3.1.5.jar;C:\Users\Usuario\.m2\repository\com\zaxxer\HikariCP\5.0.1\HikariCP-5.0.1.jar;C:\Users\Usuario\.m2\repository\org\springframework\spring-jdbc\6.0.13\spring-jdbc-6.0.13.jar;C:\Users\Usuario\.m2\repository\org\hibernate\orm\hibernate-core\6.2.13.Final\hibernate-core-6.2.13.Final.jar;C:\Users\Usuario\.m2\repository\jakarta\persistence\jakarta.persistence-api\3.1.0\jakarta.persistence-api-3.1.0.jar;C:\Users\Usuario\.m2\repository\jakarta\transaction\jakarta.transaction-api\2.0.1\jakarta.transaction-api-2.0.1.jar;C:\Users\Usuario\.m2\repository\org\jboss\logging\jboss-logging\3.5.3.Final\jboss-logging-3.5.3.Final.jar;C:\Users\Usuario\.m2\repository\org\hibernate\common\hibernate-commons-annotations\6.0.6.Final\hibernate-commons-annotations-6.0.6.Final.jar;C:\Users\Usuario\.m2\repository\io\smallrye\jandex\3.0.5\jandex-3.0.5.jar;C:\Users\Usuario\.m2\repository\com\fasterxml\classmate\1.5.1\classmate-1.5.1.jar;C:\Users\Usuario\.m2\repository\net\bytebuddy\byte-buddy\1.14.9\byte-buddy-1.14.9.jar;C:\Users\Usuario\.m2\repository\org\glassfish\jaxb\jaxb-runtime\4.0.3\jaxb-runtime-4.0.3.jar;C:\Users\Usuario\.m2\repository\org\glassfish\jaxb\jaxb-core\4.0.3\jaxb-core-4.0.3.jar;C:\Users\Usuario\.m2\repository\org\eclipse\angus\angus-activation\2.0.1\angus-activation-2.0.1.jar;C:\Users\Usuario\.m2\repository\org\glassfish\jaxb\txw2\4.0.3\txw2-4.0.3.jar;C:\Users\Usuario\.m
Launcher Type: SUN_STANDARD

[Global flags]
     intx CICompilerCount                          = 3                                         {product} {ergonomic}
     uint ConcGCThreads                            = 1                                         {product} {ergonomic}
     uint G1ConcRefinementThreads                  = 4                                         {product} {ergonomic}
   size_t G1HeapRegionSize                         = 2097152                                   {product} {ergonomic}
    uintx GCDrainStackTargetSize                   = 64                                        {product} {ergonomic}
   size_t InitialHeapSize                          = 150994944                                 {product} {ergonomic}
   size_t MarkStackSize                            = 4194304                                   {product} {ergonomic}
   size_t MaxHeapSize                              = 2392850432                                {product} {ergonomic}
   size_t MaxNewSize                               = 1434451968                                {product} {ergonomic}
   size_t MinHeapDeltaBytes                        = 2097152                                   {product} {ergonomic}
   size_t MinHeapSize                              = 8388608                                   {product} {ergonomic}
    uintx NonNMethodCodeHeapSize                   = 5832780                                {pd product} {ergonomic}
    uintx NonProfiledCodeHeapSize                  = 122912730                              {pd product} {ergonomic}
    uintx ProfiledCodeHeapSize                     = 122912730                              {pd product} {ergonomic}
    uintx ReservedCodeCacheSize                    = 251658240                              {pd product} {ergonomic}
     bool SegmentedCodeCache                       = true                                      {product} {ergonomic}
     bool ShowCodeDetailsInExceptionMessages       = true                                   {manageable} {command line}
   size_t SoftMaxHeapSize                          = 2392850432                             {manageable} {ergonomic}
     bool UseCompressedClassPointers               = true                           {product lp64_product} {ergonomic}
     bool UseCompressedOops                        = true                           {product lp64_product} {ergonomic}
     bool UseG1GC                                  = true                                      {product} {ergonomic}
     bool UseLargePagesIndividualAllocation        = false                                  {pd product} {ergonomic}

Logging:
Log output configuration:
 #0: stdout all=warning uptime,level,tags
 #1: stderr all=off uptime,level,tags

Environment Variables:
JAVA_HOME=C:\Program Files\Java\jdk-17
PATH=C:\Users\Usuario\bin;C:\Program Files\Git\mingw64\bin;C:\Program Files\Git\usr\local\bin;C:\Program Files\Git\usr\bin;C:\Program Files\Git\usr\bin;C:\Program Files\Git\mingw64\bin;C:\Program Files\Git\usr\bin;C:\Users\Usuario\bin;C:\Program Files\Common Files\Oracle\Java\javapath;C:\Program Files (x86)\Common Files\Oracle\Java\javapath;C:\WINDOWS\system32;C:\WINDOWS;C:\WINDOWS\System32\Wbem;C:\WINDOWS\System32\WindowsPowerShell\v1.0;C:\WINDOWS\System32\OpenSSH;C:\Program Files\Git\cmd;C:\Program Files\nodejs;C:\xampp\php;C:\ProgramData\ComposerSetup\bin;C:\Program Files\Notepad++;C:\Users\Usuario\AppData\Local\Programs\Python\Launcher;C:\Program Files\dotnet;C:\Users\Usuario\AppData\Local\Programs\Python\Python310\Scripts;C:\Users\Usuario\AppData\Local\Programs\Python\Python310;C:\Users\Usuario\AppData\Local\Programs\Python\Launcher;C:\Users\Usuario\scoop\shims;C:\Users\Usuario\AppData\Local\Microsoft\WindowsApps;C:\Users\Usuario\AppData\Local\atom\bin;C:\Users\Usuario\AppData\Local\Microsoft\WindowsApps;C:\Users\Usuario\AppData\Local\Programs\Microsoft VS Code\bin;C:\Users\Usuario\AppData\Roaming\npm;C:\Users\Usuario\AppData\Roaming\Composer\vendor\bin;C:\Program Files\Git\usr\bin\vendor_perl;C:\Program Files\Git\usr\bin\core_perl
USERNAME=Usuario
SHELL=C:\Program Files\Git\usr\bin\bash.exe
DISPLAY=needs-to-be-defined
LANG=en_US.UTF-8
LC_CTYPE=es_ES.UTF-8
OS=Windows_NT
PROCESSOR_IDENTIFIER=Intel64 Family 6 Model 60 Stepping 3, GenuineIntel



---------------  S Y S T E M  ---------------

OS:
 Windows 10 , 64 bit Build 19041 (10.0.19041.3155)
OS uptime: 101 days 21:45 hours

CPU: total 4 (initial active 4) (4 cores per cpu, 1 threads per core) family 6 model 60 stepping 3 microcode 0x27, cx8, cmov, fxsr, mmx, sse, sse2, sse3, ssse3, sse4.1, sse4.2, popcnt, lzcnt, tsc, tscinvbit, avx, avx2, aes, erms, clmul, bmi1, bmi2, fma, vzeroupper, clflush

Memory: 4k page, system-wide physical 9127M (1029M free)
TotalPageFile size 23356M (AvailPageFile size 4M)
current process WorkingSet (physical memory assigned to process): 162M, peak: 162M
current process commit charge ("private bytes"): 280M, peak: 281M

vm_info: Java HotSpot(TM) 64-Bit Server VM (17.0.6+9-LTS-190) for windows-amd64 JRE (17.0.6+9-LTS-190), built on Dec  6 2022 15:53:54 by "mach5one" with MS VC++ 17.1 (VS2022)

END.
